#
# A fatal error has been detected by the Java Runtime Environment:
#
#  EXCEPTION_ACCESS_VIOLATION (0xc0000005) at pc=0x00007ffae0e2ef29, pid=5620, tid=15380
#
# JRE version: OpenJDK Runtime Environment Temurin-17.0.7+7 (17.0.7+7) (build 17.0.7+7)
# Java VM: OpenJDK 64-Bit Server VM Temurin-17.0.7+7 (17.0.7+7, mixed mode, emulated-client, tiered, compressed oops, compressed class ptrs, g1 gc, windows-amd64)
# Problematic frame:
# V  [jvm.dll+0x23ef29]
#
# No core dump will be written. Minidumps are not enabled by default on client versions of Windows
#
# If you would like to submit a bug report, please visit:
#   https://github.com/adoptium/adoptium-support/issues
#

---------------  S U M M A R Y ------------

Command Line: -XX:+ShowCodeDetailsInExceptionMessages -agentlib:jdwp=transport=dt_socket,suspend=y,address=localhost:63779 -Dcom.sun.management.jmxremote -Dcom.sun.management.jmxremote.port=63778 -Dcom.sun.management.jmxremote.authenticate=false -Dcom.sun.management.jmxremote.ssl=false -Djava.rmi.server.hostname=localhost -Dspring.jmx.enabled=true -Dmanagement.endpoints.jmx.exposure.include=* -Dspring.application.admin.enabled=true -XX:TieredStopAtLevel=1 -Dspring.boot.project.name=DuAnHotel -javaagent:C:\Users\Admin\Desktop\Java5\sts-4.18.1.RELEASE\configuration\org.eclipse.osgi\268\0\.cp\lib\javaagent-shaded.jar -Dfile.encoding=UTF-8 com.poly.DuAnHotelApplication --spring.output.ansi.enabled=always

Host: Intel(R) Core(TM) i5-7200U CPU @ 2.50GHz, 4 cores, 11G,  Windows 10 , 64 bit Build 19041 (10.0.19041.3570)
Time: Sat Nov 18 03:21:14 2023 SE Asia Standard Time elapsed time: 221.783552 seconds (0d 0h 3m 41s)

---------------  T H R E A D  ---------------

Current thread (0x000002254cd15cd0):  VMThread "VM Thread" [stack: 0x000000d33ab00000,0x000000d33ac00000] [id=15380]

Stack: [0x000000d33ab00000,0x000000d33ac00000],  sp=0x000000d33abff0b0,  free space=1020k
Native frames: (J=compiled Java code, j=interpreted, Vv=VM code, C=native code)
V  [jvm.dll+0x23ef29]
V  [jvm.dll+0x62c988]
V  [jvm.dll+0x62d331]
V  [jvm.dll+0x52c59d]
V  [jvm.dll+0x5301c8]
V  [jvm.dll+0x52dfbb]
V  [jvm.dll+0x83a5bb]
V  [jvm.dll+0x83b2f4]
V  [jvm.dll+0x83b80c]
V  [jvm.dll+0x83bbe4]
V  [jvm.dll+0x83bcb0]
V  [jvm.dll+0x7e4e7a]
V  [jvm.dll+0x676395]
C  [ucrtbase.dll+0x21bb2]
C  [KERNEL32.DLL+0x17344]
C  [ntdll.dll+0x526b1]


siginfo: EXCEPTION_ACCESS_VIOLATION (0xc0000005), reading address 0x000002255547ac90


Register to memory mapping:

RIP=0x00007ffae0e2ef29 jvm.dll
RAX=2097152 is a compressed pointer to class: 0x0000000800200000
org.springframework.format.FormatterRegistry {0x0000000800200008}
 - instance size:     2
 - klass size:        63
 - access:            public interface abstract 
 - state:             linked
 - name:              'org/springframework/format/FormatterRegistry'
 - super:             'java/lang/Object'
 - sub:               
 - nof implementors:  1
 - implementor:    
   'org/springframework/format/support/FormattingConversionService'
 - arrays:            NULL
 - methods:           Array<T>(0x000002254e06a138)
 - method ordering:   Array<T>(0x000002254e06a4d0)
 - default_methods:   Array<T>(0x0000000000000000)
 - local interfaces:  Array<T>(0x000002254e06a118)
 - trans. interfaces: Array<T>(0x000002254e06a118)
 - constants:         constant pool [28] {0x000002254e069fd8} for 'org/springframework/format/FormatterRegistry' cache=0x000002254e06f350
 - class loader data:  loader data: 0x000002254cbde640 for instance a 'jdk/internal/loader/ClassLoaders$AppClassLoader'{0x0000000741bd2e00}
 - source file:       'FormatterRegistry.java'
 - source debug extension:       SMAP
FormatterRegistry.java
Java
*S jdt
*F
1 FormatterRegistry.java
2 file:/C:/Users/Admin/.m2/repository/org/springframework/spring-context/5.3.6/spring-context-5.3.6.jar
*L
*E

 - class annotations:       Array<T>(0x0000000000000000)
 - class type annotations:  Array<T>(0x0000000000000000)
 - field annotations:       Array<T>(0x0000000000000000)
 - field type annotations:  Array<T>(0x0000000000000000)
 - inner classes:     Array<T>(0x000002254d000028)
 - nest members:     Array<T>(0x000002254d000028)
 - permitted subclasses:     Array<T>(0x000002254d000028)
 - java mirror:       a 'java/lang/Class'{0x0000000742073e00} = 'org/springframework/format/FormatterRegistry'
 - vtable length      5  (start addr: 0x00000008002001c8)
 - itable length      0 (start addr: 0x00000008002001f0)
 - ---- static fields (0 words):
 - ---- non-static fields (0 words):
 - non-static oop maps: 
RBX=0x0000022550ef23e8 is pointing into metadata
RCX=0x000002255527ac90 is pointing into metadata
RDX=0x000000000000ffff is an unknown value
RSP=0x000000d33abff0b0 points into unknown readable memory: 0x000000d33abff648 | 48 f6 bf 3a d3 00 00 00
RBP=0x0000022555290000 is pointing into metadata
RSI=0x0000000000000005 is an unknown value
RDI=0x000000000000ffff is an unknown value
R8 ={method} {0x0000022550ef3768} 'oauth2' '(Lorg/springframework/security/oauth2/client/authentication/OAuth2AuthenticationToken;)Ljava/lang/String;' in 'com/poly/controller/AuthController'
R9 =0x000000d33abff190 points into unknown readable memory: 0x0000022550ef3760 | 60 37 ef 50 25 02 00 00
R10=0x000002254cd5e9f0 points into unknown readable memory: 0x0000001e00000002 | 02 00 00 00 1e 00 00 00
R11={method} {0x0000022550ef3768} 'oauth2' '(Lorg/springframework/security/oauth2/client/authentication/OAuth2AuthenticationToken;)Ljava/lang/String;' in 'com/poly/controller/AuthController'
R12=0x0000022550ef23e8 is pointing into metadata
R13=0x00007ffae0bf0000 jvm.dll
R14=0x0000022550ef23e8 is pointing into metadata
R15=0x0000022555290000 is pointing into metadata


Registers:
RAX=0x0000000000200000, RBX=0x0000022550ef23e8, RCX=0x000002255527ac90, RDX=0x000000000000ffff
RSP=0x000000d33abff0b0, RBP=0x0000022555290000, RSI=0x0000000000000005, RDI=0x000000000000ffff
R8 =0x0000022550ef3760, R9 =0x000000d33abff190, R10=0x000002254cd5e9f0, R11=0x0000022550ef3760
R12=0x0000022550ef23e8, R13=0x00007ffae0bf0000, R14=0x0000022550ef23e8, R15=0x0000022555290000
RIP=0x00007ffae0e2ef29, EFLAGS=0x0000000000010206

Top of Stack: (sp=0x000000d33abff0b0)
0x000000d33abff0b0:   000000d33abff648 0000000700000027
0x000000d33abff0c0:   000002253b100000 0000000000000000
0x000000d33abff0d0:   000000000000ffff 00007ffae121c988
0x000000d33abff0e0:   0000022552ce5690 00007ffae0f3c314
0x000000d33abff0f0:   000000d33abff190 0000000000000001
0x000000d33abff100:   0000000800415108 00007ffb72495ba1
0x000000d33abff110:   000000d33abff190 00007ffae0d17a6e
0x000000d33abff120:   0000022550ef3760 00000225547c7010
0x000000d33abff130:   0000022555290000 0000022550ef3279
0x000000d33abff140:   00000000000000b4 00007ffae121d331
0x000000d33abff150:   00000000000000b4 000000d33abff1c9
0x000000d33abff160:   00000000000000b4 000000d33abff220
0x000000d33abff170:   0000022550ef23e8 0000022555290000
0x000000d33abff180:   0000022550ef3760 000002254cd15cd0
0x000000d33abff190:   0000022550ef3760 000002254cd15cd0
0x000000d33abff1a0:   0000000400000001 000000b40000000d 

Instructions: (pc=0x00007ffae0e2ef29)
0x00007ffae0e2ee29:   cc cc cc cc cc cc cc 48 89 5c 24 10 48 89 74 24
0x00007ffae0e2ee39:   18 57 48 83 ec 30 48 63 da 49 8b f0 48 8b f9 85
0x00007ffae0e2ee49:   d2 79 24 4c 8d 0d 05 41 70 00 ba b4 02 00 00 4c
0x00007ffae0e2ee59:   8d 05 31 41 70 00 48 8d 0d aa 40 70 00 e8 a5 79
0x00007ffae0e2ee69:   00 00 e8 f0 81 43 00 48 8b 4f 10 48 85 c9 74 0f
0x00007ffae0e2ee79:   48 8d 43 01 48 c1 e0 05 48 8b 04 08 0f b7 d8 48
0x00007ffae0e2ee89:   63 c3 48 8d 54 24 40 48 89 7c 24 20 48 89 74 24
0x00007ffae0e2ee99:   28 48 8b 8e 40 02 00 00 8b 5c c7 48 48 89 7c 24
0x00007ffae0e2eea9:   40 e8 71 bb dc ff 0f b7 d3 48 8d 4c 24 20 4c 8b
0x00007ffae0e2eeb9:   c6 e8 f1 fb ff ff 48 8d 4c 24 20 48 8b d8 e8 d4
0x00007ffae0e2eec9:   d4 10 00 48 8b 74 24 50 48 8b c3 48 8b 5c 24 48
0x00007ffae0e2eed9:   48 83 c4 30 5f c3 cc 48 89 5c 24 08 57 48 83 ec
0x00007ffae0e2eee9:   20 48 63 fa 48 8b d9 85 d2 79 24 4c 8d 0d 5d 40
0x00007ffae0e2eef9:   70 00 ba b4 02 00 00 4c 8d 05 89 40 70 00 48 8d
0x00007ffae0e2ef09:   0d 02 40 70 00 e8 fd 78 00 00 e8 48 81 43 00 48
0x00007ffae0e2ef19:   8b 4b 10 48 85 c9 74 0f 48 8d 47 01 48 c1 e0 05
0x00007ffae0e2ef29:   48 8b 04 08 0f b7 f8 48 63 c7 0f b7 4c c3 48 0f
0x00007ffae0e2ef39:   b7 44 cb 4a 48 8b 44 c3 48 48 8b 5c 24 30 48 83
0x00007ffae0e2ef49:   c4 20 5f c3 cc cc cc 4c 8b 41 20 4d 8b 00 e9 64
0x00007ffae0e2ef59:   02 00 00 cc cc cc cc 48 8b 49 20 48 8b 09 e9 24
0x00007ffae0e2ef69:   59 00 00 cc cc cc cc 48 89 5c 24 18 56 57 41 56
0x00007ffae0e2ef79:   48 83 ec 20 48 83 3d 3b b6 91 00 00 4c 8b f2 48
0x00007ffae0e2ef89:   8b f9 74 0f 48 8b d1 48 8d 0d 51 3f 70 00 e8 d4
0x00007ffae0e2ef99:   82 e6 ff 45 33 c0 41 8d 50 17 8d 4a 11 e8 f5 77
0x00007ffae0e2efa9:   e6 ff 33 db 48 85 c0 74 22 48 8d 4f 08 89 58 08
0x00007ffae0e2efb9:   48 89 48 20 48 8d 0d 0c 39 6d 00 48 89 08 88 58
0x00007ffae0e2efc9:   0c 48 89 58 10 48 89 58 18 eb 03 48 8b c3 48 8b
0x00007ffae0e2efd9:   d0 49 8b ce e8 ce 00 3e 00 45 33 c0 41 8d 50 17
0x00007ffae0e2efe9:   8d 4a 11 e8 af 77 e6 ff 48 85 c0 74 27 48 8d 0d
0x00007ffae0e2eff9:   23 44 70 00 c7 40 08 02 00 00 00 48 89 08 48 8d
0x00007ffae0e2f009:   4f 10 48 89 48 20 c6 40 0c 00 48 89 58 10 48 89
0x00007ffae0e2f019:   58 18 eb 03 48 8b c3 48 8b d0 49 8b ce e8 85 00 


Stack slot to memory mapping:
stack at sp + 0 slots: 0x000000d33abff648 points into unknown readable memory: 0x0000000000000000 | 00 00 00 00 00 00 00 00
stack at sp + 1 slots: 0x0000000700000027 is an unknown value
stack at sp + 2 slots: 0x000002253b100000 points into unknown readable memory: 0x0000000000000000 | 00 00 00 00 00 00 00 00
stack at sp + 3 slots: 0x0 is NULL
stack at sp + 4 slots: 0x000000000000ffff is an unknown value
stack at sp + 5 slots: 0x00007ffae121c988 jvm.dll
stack at sp + 6 slots: 0x0000022552ce5690 points into unknown readable memory: 0x6f630022cf590008 | 08 00 59 cf 22 00 63 6f
stack at sp + 7 slots: 0x00007ffae0f3c314 jvm.dll

VM_Operation (0x000000d33b7ff510): RedefineClasses, mode: safepoint, requested by thread 0x0000022551240a20, redefining class com.poly.controller.AuthController



---------------  P R O C E S S  ---------------

Threads class SMR info:
_java_thread_list=0x000002255427ae80, length=25, elements={
0x000002254cd71480, 0x000002254cd74b00, 0x000002255100d360, 0x00000225510473e0,
0x0000022551049d50, 0x000002255104e2b0, 0x000002255104f310, 0x00000225510503b0,
0x00000225510b7890, 0x0000022551240a20, 0x0000022551263d40, 0x0000022551266240,
0x0000022551b33120, 0x0000022551d008f0, 0x0000022551d07620, 0x0000022551d56010,
0x0000022552263140, 0x0000022552263610, 0x0000022552286dc0, 0x000002255266ee20,
0x00000225526675d0, 0x000002255266dae0, 0x000002255266dfb0, 0x0000022552667aa0,
0x000002255266a120
}

Java Threads: ( => current thread )
  0x000002254cd71480 JavaThread "Reference Handler" daemon [_thread_blocked, id=12260, stack(0x000000d33ac00000,0x000000d33ad00000)]
  0x000002254cd74b00 JavaThread "Finalizer" daemon [_thread_blocked, id=15492, stack(0x000000d33ad00000,0x000000d33ae00000)]
  0x000002255100d360 JavaThread "Signal Dispatcher" daemon [_thread_blocked, id=12640, stack(0x000000d33ae00000,0x000000d33af00000)]
  0x00000225510473e0 JavaThread "Attach Listener" daemon [_thread_blocked, id=18356, stack(0x000000d33af00000,0x000000d33b000000)]
  0x0000022551049d50 JavaThread "Service Thread" daemon [_thread_blocked, id=13176, stack(0x000000d33b000000,0x000000d33b100000)]
  0x000002255104e2b0 JavaThread "Monitor Deflation Thread" daemon [_thread_blocked, id=9472, stack(0x000000d33b100000,0x000000d33b200000)]
  0x000002255104f310 JavaThread "C1 CompilerThread0" daemon [_thread_blocked, id=13912, stack(0x000000d33b200000,0x000000d33b300000)]
  0x00000225510503b0 JavaThread "Sweeper thread" daemon [_thread_blocked, id=15372, stack(0x000000d33b300000,0x000000d33b400000)]
  0x00000225510b7890 JavaThread "Common-Cleaner" daemon [_thread_blocked, id=6340, stack(0x000000d33b400000,0x000000d33b500000)]
  0x0000022551240a20 JavaThread "JDWP Transport Listener: dt_socket" daemon [_thread_blocked, id=17464, stack(0x000000d33b700000,0x000000d33b800000)]
  0x0000022551263d40 JavaThread "JDWP Event Helper Thread" daemon [_thread_blocked, id=9328, stack(0x000000d33b800000,0x000000d33b900000)]
  0x0000022551266240 JavaThread "JDWP Command Reader" daemon [_thread_in_native, id=7436, stack(0x000000d33b900000,0x000000d33ba00000)]
  0x0000022551b33120 JavaThread "Notification Thread" daemon [_thread_blocked, id=13888, stack(0x000000d33ba00000,0x000000d33bb00000)]
  0x0000022551d008f0 JavaThread "RMI TCP Accept-0" daemon [_thread_in_native, id=15848, stack(0x000000d33be00000,0x000000d33bf00000)]
  0x0000022551d07620 JavaThread "RMI TCP Accept-63778" daemon [_thread_in_native, id=18328, stack(0x000000d33bf00000,0x000000d33c000000)]
  0x0000022551d56010 JavaThread "RMI TCP Accept-0" daemon [_thread_in_native, id=15332, stack(0x000000d33c000000,0x000000d33c100000)]
  0x0000022552263140 JavaThread "RMI Scheduler(0)" daemon [_thread_blocked, id=14664, stack(0x000000d33c400000,0x000000d33c500000)]
  0x0000022552263610 JavaThread "RMI TCP Connection(6)-127.0.0.1" daemon [_thread_in_native, id=7468, stack(0x000000d33c500000,0x000000d33c600000)]
  0x0000022552286dc0 JavaThread "JMX server connection timeout 24" daemon [_thread_blocked, id=4372, stack(0x000000d33c600000,0x000000d33c700000)]
  0x000002255266ee20 JavaThread "Live Reload Server" daemon [_thread_in_native, id=8516, stack(0x000000d33d200000,0x000000d33d300000)]
  0x00000225526675d0 JavaThread "http-nio-8080-exec-5" daemon [_thread_blocked, id=17860, stack(0x000000d33d700000,0x000000d33d800000)]
  0x000002255266dae0 JavaThread "DestroyJavaVM" [_thread_blocked, id=11192, stack(0x000000d33a500000,0x000000d33a600000)]
  0x000002255266dfb0 JavaThread "Thread-5" [_thread_blocked, id=19348, stack(0x000000d33a300000,0x000000d33a400000)]
  0x0000022552667aa0 JavaThread "File Watcher" daemon [_thread_blocked, id=7832, stack(0x000000d33a400000,0x000000d33a500000)]
  0x000002255266a120 JavaThread "File Watcher" daemon [_thread_blocked, id=8968, stack(0x000000d33b600000,0x000000d33b700000)]

Other Threads:
=>0x000002254cd15cd0 VMThread "VM Thread" [stack: 0x000000d33ab00000,0x000000d33ac00000] [id=15380]
  0x000002253d171e70 WatcherThread [stack: 0x000000d33c100000,0x000000d33c200000] [id=7616]
  0x000002253d1c9210 GCTaskThread "GC Thread#0" [stack: 0x000000d33a600000,0x000000d33a700000] [id=17676]
  0x0000022551c58ee0 GCTaskThread "GC Thread#1" [stack: 0x000000d33bb00000,0x000000d33bc00000] [id=18632]
  0x0000022551c59190 GCTaskThread "GC Thread#2" [stack: 0x000000d33bc00000,0x000000d33bd00000] [id=18188]
  0x0000022551c59440 GCTaskThread "GC Thread#3" [stack: 0x000000d33bd00000,0x000000d33be00000] [id=1872]
  0x000002253d1d6680 ConcurrentGCThread "G1 Main Marker" [stack: 0x000000d33a700000,0x000000d33a800000] [id=16040]
  0x000002253d1d7fb0 ConcurrentGCThread "G1 Conc#0" [stack: 0x000000d33a800000,0x000000d33a900000] [id=5952]
  0x000002253d22dde0 ConcurrentGCThread "G1 Refine#0" [stack: 0x000000d33a900000,0x000000d33aa00000] [id=7640]
  0x000002253d22e710 ConcurrentGCThread "G1 Service" [stack: 0x000000d33aa00000,0x000000d33ab00000] [id=18244]

Threads with active compile tasks:

VM state: at safepoint (normal execution)

VM Mutex/Monitor currently owned by a thread:  ([mutex/lock_event])
[0x000002253d16cfb0] Threads_lock - owner thread: 0x000002254cd15cd0

Heap address: 0x0000000741800000, size: 3048 MB, Compressed Oops mode: Zero based, Oop shift amount: 3

CDS archive(s) not mapped
Compressed class space mapped at: 0x0000000800000000-0x0000000840000000, reserved size: 1073741824
Narrow klass base: 0x0000000800000000, Narrow klass shift: 0, Narrow klass range: 0x40000000

GC Precious Log:
 CPUs: 4 total, 4 available
 Memory: 12186M
 Large Page Support: Disabled
 NUMA Support: Disabled
 Compressed Oops: Enabled (Zero based)
 Heap Region Size: 2M
 Heap Min Capacity: 8M
 Heap Initial Capacity: 192M
 Heap Max Capacity: 3048M
 Pre-touch: Disabled
 Parallel Workers: 4
 Concurrent Workers: 1
 Concurrent Refinement Workers: 4
 Periodic GC: Disabled

Heap:
 garbage-first heap   total 96256K, used 41467K [0x0000000741800000, 0x0000000800000000)
  region size 2048K, 8 young (16384K), 0 survivors (0K)
 Metaspace       used 77519K, committed 78208K, reserved 1179648K
  class space    used 10318K, committed 10624K, reserved 1048576K

Heap Regions: E=young(eden), S=young(survivor), O=old, HS=humongous(starts), HC=humongous(continues), CS=collection set, F=free, OA=open archive, CA=closed archive, TAMS=top-at-mark-start (previous, next)
|   0|0x0000000741800000, 0x0000000741a00000, 0x0000000741a00000|100%| O|  |TAMS 0x0000000741a00000, 0x0000000741800000| Untracked 
|   1|0x0000000741a00000, 0x0000000741c00000, 0x0000000741c00000|100%| O|  |TAMS 0x0000000741c00000, 0x0000000741a00000| Untracked 
|   2|0x0000000741c00000, 0x0000000741dfffe8, 0x0000000741e00000| 99%| O|  |TAMS 0x0000000741c00000, 0x0000000741c00000| Untracked 
|   3|0x0000000741e00000, 0x0000000742000000, 0x0000000742000000|100%| O|  |TAMS 0x0000000741e00000, 0x0000000741e00000| Untracked 
|   4|0x0000000742000000, 0x00000007421fffa0, 0x0000000742200000| 99%| O|  |TAMS 0x0000000742000000, 0x0000000742000000| Untracked 
|   5|0x0000000742200000, 0x00000007423fffd8, 0x0000000742400000| 99%| O|  |TAMS 0x0000000742200000, 0x0000000742200000| Untracked 
|   6|0x0000000742400000, 0x00000007425ffff0, 0x0000000742600000| 99%| O|  |TAMS 0x0000000742400000, 0x0000000742400000| Untracked 
|   7|0x0000000742600000, 0x00000007427fffe8, 0x0000000742800000| 99%| O|  |TAMS 0x0000000742600000, 0x0000000742600000| Untracked 
|   8|0x0000000742800000, 0x00000007429ffff8, 0x0000000742a00000| 99%| O|  |TAMS 0x0000000742800000, 0x0000000742800000| Untracked 
|   9|0x0000000742a00000, 0x0000000742c00000, 0x0000000742c00000|100%| O|  |TAMS 0x0000000742a00000, 0x0000000742a00000| Untracked 
|  10|0x0000000742c00000, 0x0000000742dfffa8, 0x0000000742e00000| 99%| O|  |TAMS 0x0000000742c00000, 0x0000000742c00000| Untracked 
|  11|0x0000000742e00000, 0x0000000742feae00, 0x0000000743000000| 95%| O|  |TAMS 0x0000000742e00000, 0x0000000742e00000| Untracked 
|  12|0x0000000743000000, 0x00000007431ffff0, 0x0000000743200000| 99%| O|  |TAMS 0x0000000743000000, 0x0000000743000000| Untracked 
|  13|0x0000000743200000, 0x0000000743200000, 0x0000000743400000|  0%| F|  |TAMS 0x0000000743200000, 0x0000000743200000| Untracked 
|  14|0x0000000743400000, 0x0000000743400000, 0x0000000743600000|  0%| F|  |TAMS 0x0000000743400000, 0x0000000743400000| Untracked 
|  15|0x0000000743600000, 0x0000000743694078, 0x0000000743800000| 28%| O|  |TAMS 0x0000000743600000, 0x0000000743600000| Untracked 
|  16|0x0000000743800000, 0x0000000743800000, 0x0000000743a00000|  0%| F|  |TAMS 0x0000000743800000, 0x0000000743800000| Untracked 
|  17|0x0000000743a00000, 0x0000000743a00000, 0x0000000743c00000|  0%| F|  |TAMS 0x0000000743a00000, 0x0000000743a00000| Untracked 
|  18|0x0000000743c00000, 0x0000000743c00000, 0x0000000743e00000|  0%| F|  |TAMS 0x0000000743c00000, 0x0000000743c00000| Untracked 
|  19|0x0000000743e00000, 0x0000000743e00000, 0x0000000744000000|  0%| F|  |TAMS 0x0000000743e00000, 0x0000000743e00000| Untracked 
|  20|0x0000000744000000, 0x0000000744000000, 0x0000000744200000|  0%| F|  |TAMS 0x0000000744000000, 0x0000000744000000| Untracked 
|  21|0x0000000744200000, 0x0000000744200000, 0x0000000744400000|  0%| F|  |TAMS 0x0000000744200000, 0x0000000744200000| Untracked 
|  22|0x0000000744400000, 0x0000000744400000, 0x0000000744600000|  0%| F|  |TAMS 0x0000000744400000, 0x0000000744400000| Untracked 
|  23|0x0000000744600000, 0x0000000744600000, 0x0000000744800000|  0%| F|  |TAMS 0x0000000744600000, 0x0000000744600000| Untracked 
|  24|0x0000000744800000, 0x0000000744800000, 0x0000000744a00000|  0%| F|  |TAMS 0x0000000744800000, 0x0000000744800000| Untracked 
|  25|0x0000000744a00000, 0x0000000744a00000, 0x0000000744c00000|  0%| F|  |TAMS 0x0000000744a00000, 0x0000000744a00000| Untracked 
|  26|0x0000000744c00000, 0x0000000744c00000, 0x0000000744e00000|  0%| F|  |TAMS 0x0000000744c00000, 0x0000000744c00000| Untracked 
|  27|0x0000000744e00000, 0x0000000744e00000, 0x0000000745000000|  0%| F|  |TAMS 0x0000000744e00000, 0x0000000744e00000| Untracked 
|  28|0x0000000745000000, 0x0000000745000000, 0x0000000745200000|  0%| F|  |TAMS 0x0000000745000000, 0x0000000745000000| Untracked 
|  29|0x0000000745200000, 0x0000000745200000, 0x0000000745400000|  0%| F|  |TAMS 0x0000000745200000, 0x0000000745200000| Untracked 
|  30|0x0000000745400000, 0x0000000745400000, 0x0000000745600000|  0%| F|  |TAMS 0x0000000745400000, 0x0000000745400000| Untracked 
|  31|0x0000000745600000, 0x0000000745600000, 0x0000000745800000|  0%| F|  |TAMS 0x0000000745600000, 0x0000000745600000| Untracked 
|  32|0x0000000745800000, 0x0000000745800000, 0x0000000745a00000|  0%| F|  |TAMS 0x0000000745800000, 0x0000000745800000| Untracked 
|  33|0x0000000745a00000, 0x0000000745a00000, 0x0000000745c00000|  0%| F|  |TAMS 0x0000000745a00000, 0x0000000745a00000| Untracked 
|  34|0x0000000745c00000, 0x0000000745c00000, 0x0000000745e00000|  0%| F|  |TAMS 0x0000000745c00000, 0x0000000745c00000| Untracked 
|  35|0x0000000745e00000, 0x0000000745e00000, 0x0000000746000000|  0%| F|  |TAMS 0x0000000745e00000, 0x0000000745e00000| Untracked 
|  36|0x0000000746000000, 0x0000000746000000, 0x0000000746200000|  0%| F|  |TAMS 0x0000000746000000, 0x0000000746000000| Untracked 
|  37|0x0000000746200000, 0x0000000746200000, 0x0000000746400000|  0%| F|  |TAMS 0x0000000746200000, 0x0000000746200000| Untracked 
|  38|0x0000000746400000, 0x0000000746400000, 0x0000000746600000|  0%| F|  |TAMS 0x0000000746400000, 0x0000000746400000| Untracked 
|  39|0x0000000746600000, 0x00000007467d9c28, 0x0000000746800000| 92%| E|  |TAMS 0x0000000746600000, 0x0000000746600000| Complete 
|  40|0x0000000746800000, 0x0000000746a00000, 0x0000000746a00000|100%| E|CS|TAMS 0x0000000746800000, 0x0000000746800000| Complete 
|  41|0x0000000746a00000, 0x0000000746c00000, 0x0000000746c00000|100%| E|CS|TAMS 0x0000000746a00000, 0x0000000746a00000| Complete 
|  42|0x0000000746c00000, 0x0000000746e00000, 0x0000000746e00000|100%| E|CS|TAMS 0x0000000746c00000, 0x0000000746c00000| Complete 
|  43|0x0000000746e00000, 0x0000000747000000, 0x0000000747000000|100%| E|CS|TAMS 0x0000000746e00000, 0x0000000746e00000| Complete 
|  44|0x0000000747000000, 0x0000000747200000, 0x0000000747200000|100%| E|CS|TAMS 0x0000000747000000, 0x0000000747000000| Complete 
|  45|0x0000000747200000, 0x0000000747400000, 0x0000000747400000|100%| E|CS|TAMS 0x0000000747200000, 0x0000000747200000| Complete 
|  46|0x0000000747400000, 0x0000000747600000, 0x0000000747600000|100%| E|CS|TAMS 0x0000000747400000, 0x0000000747400000| Complete 

Card table byte_map: [0x0000022543e20000,0x0000022544420000] _byte_map_base: 0x0000022540414000

Marking Bits (Prev, Next): (CMBitMap*) 0x000002253d1c9770, (CMBitMap*) 0x000002253d1c9730
 Prev Bits: [0x00000225479c0000, 0x000002254a960000)
 Next Bits: [0x0000022544a20000, 0x00000225479c0000)

Polling page: 0x000002253b300000

Metaspace:

Usage:
  Non-class:     65.63 MB used.
      Class:     10.08 MB used.
       Both:     75.70 MB used.

Virtual space:
  Non-class space:      128.00 MB reserved,      66.00 MB ( 52%) committed,  2 nodes.
      Class space:        1.00 GB reserved,      10.38 MB (  1%) committed,  1 nodes.
             Both:        1.12 GB reserved,      76.38 MB (  7%) committed. 

Chunk freelists:
   Non-Class:  13.50 MB
       Class:  5.64 MB
        Both:  19.14 MB

MaxMetaspaceSize: unlimited
CompressedClassSpaceSize: 1.00 GB
Initial GC threshold: 21.00 MB
Current GC threshold: 127.19 MB
CDS: off
MetaspaceReclaimPolicy: balanced
 - commit_granule_bytes: 65536.
 - commit_granule_words: 8192.
 - virtual_space_node_default_size: 8388608.
 - enlarge_chunks_in_place: 1.
 - new_chunks_are_fully_committed: 0.
 - uncommit_free_chunks: 1.
 - use_allocation_guard: 0.
 - handle_deallocations: 1.


Internal statistics:

num_allocs_failed_limit: 12.
num_arena_births: 868.
num_arena_deaths: 148.
num_vsnodes_births: 3.
num_vsnodes_deaths: 0.
num_space_committed: 1222.
num_space_uncommitted: 0.
num_chunks_returned_to_freelist: 207.
num_chunks_taken_from_freelist: 3474.
num_chunk_merges: 57.
num_chunk_splits: 2334.
num_chunks_enlarged: 1648.
num_inconsistent_stats: 0.

CodeCache: size=49152Kb used=17704Kb max_used=18753Kb free=31447Kb
 bounds [0x0000022540820000, 0x0000022541ab0000, 0x0000022543820000]
 total_blobs=10147 nmethods=9453 adapters=620
 compilation: enabled
              stopped_count=0, restarted_count=0
 full_count=0

Compilation events (20 events):
Event: 218.965 Thread 0x000002255104f310 9446       1       org.springframework.core.annotation.AnnotationTypeMapping$MirrorSets$MirrorSet::size (5 bytes)
Event: 218.965 Thread 0x000002255104f310 nmethod 9446 0x0000022540979a90 code [0x0000022540979c20, 0x0000022540979cf8]
Event: 218.965 Thread 0x000002255104f310 9447       1       org.springframework.core.type.StandardAnnotationMetadata::getAnnotationAttributes (25 bytes)
Event: 218.966 Thread 0x000002255104f310 nmethod 9447 0x0000022540979310 code [0x0000022540979520, 0x0000022540979868]
Event: 218.979 Thread 0x000002255104f310 9448       1       org.springframework.core.annotation.AnnotationTypeMapping::computeSynthesizableFlag (195 bytes)
Event: 218.981 Thread 0x000002255104f310 nmethod 9448 0x0000022540978710 code [0x0000022540978940, 0x0000022540978eb8]
Event: 218.984 Thread 0x000002255104f310 9449       1       org.springframework.core.annotation.AnnotationTypeMappings::addMetaAnnotationsToQueue (134 bytes)
Event: 218.985 Thread 0x000002255104f310 nmethod 9449 0x0000022540977e90 code [0x0000022540978080, 0x00000225409783b8]
Event: 218.985 Thread 0x000002255104f310 9451       1       org.springframework.core.annotation.AnnotationTypeMapping::validateAllAliasesClaimed (96 bytes)
Event: 218.986 Thread 0x000002255104f310 nmethod 9451 0x0000022540976e10 code [0x0000022540977080, 0x0000022540977988]
Event: 218.986 Thread 0x000002255104f310 9450       1       org.springframework.core.annotation.AnnotationTypeMapping::afterAllMappingsSet (45 bytes)
Event: 218.986 Thread 0x000002255104f310 nmethod 9450 0x0000022540976990 code [0x0000022540976b40, 0x0000022540976cc8]
Event: 219.006 Thread 0x000002255104f310 9452       1       java.nio.channels.spi.AbstractInterruptibleChannel::<init> (16 bytes)
Event: 219.006 Thread 0x000002255104f310 nmethod 9452 0x0000022540976610 code [0x00000225409767a0, 0x0000022540976918]
Event: 219.006 Thread 0x000002255104f310 9453   !   1       java.nio.channels.spi.AbstractInterruptibleChannel::close (37 bytes)
Event: 219.007 Thread 0x000002255104f310 nmethod 9453 0x0000022540976110 code [0x00000225409762c0, 0x0000022540976528]
Event: 219.008 Thread 0x000002255104f310 9454       1       org.springframework.boot.ansi.AnsiColor::toString (5 bytes)
Event: 219.008 Thread 0x000002255104f310 nmethod 9454 0x0000022540975e10 code [0x0000022540975fa0, 0x0000022540976078]
Event: 219.018 Thread 0x000002255104f310 9455       1       ch.qos.logback.classic.Logger::appendLoopOnAppenders (18 bytes)
Event: 219.018 Thread 0x000002255104f310 nmethod 9455 0x0000022540975a10 code [0x0000022540975bc0, 0x0000022540975d08]

GC Heap History (20 events):
Event: 6.403 GC heap before
{Heap before GC invocations=17 (full 0):
 garbage-first heap   total 122880K, used 58507K [0x0000000741800000, 0x0000000800000000)
  region size 2048K, 22 young (45056K), 4 survivors (8192K)
 Metaspace       used 59839K, committed 60288K, reserved 1114112K
  class space    used 7866K, committed 8128K, reserved 1048576K
}
Event: 6.410 GC heap after
{Heap after GC invocations=18 (full 0):
 garbage-first heap   total 122880K, used 24468K [0x0000000741800000, 0x0000000800000000)
  region size 2048K, 3 young (6144K), 3 survivors (6144K)
 Metaspace       used 59839K, committed 60288K, reserved 1114112K
  class space    used 7866K, committed 8128K, reserved 1048576K
}
Event: 7.041 GC heap before
{Heap before GC invocations=19 (full 0):
 garbage-first heap   total 102400K, used 79764K [0x0000000741800000, 0x0000000800000000)
  region size 2048K, 30 young (61440K), 3 survivors (6144K)
 Metaspace       used 63602K, committed 64064K, reserved 1114112K
  class space    used 8424K, committed 8640K, reserved 1048576K
}
Event: 7.050 GC heap after
{Heap after GC invocations=20 (full 0):
 garbage-first heap   total 102400K, used 27056K [0x0000000741800000, 0x0000000800000000)
  region size 2048K, 3 young (6144K), 3 survivors (6144K)
 Metaspace       used 63602K, committed 64064K, reserved 1114112K
  class space    used 8424K, committed 8640K, reserved 1048576K
}
Event: 7.477 GC heap before
{Heap before GC invocations=21 (full 0):
 garbage-first heap   total 102400K, used 80304K [0x0000000741800000, 0x0000000800000000)
  region size 2048K, 29 young (59392K), 3 survivors (6144K)
 Metaspace       used 65515K, committed 66048K, reserved 1114112K
  class space    used 8671K, committed 8960K, reserved 1048576K
}
Event: 7.485 GC heap after
{Heap after GC invocations=22 (full 0):
 garbage-first heap   total 102400K, used 29117K [0x0000000741800000, 0x0000000800000000)
  region size 2048K, 3 young (6144K), 3 survivors (6144K)
 Metaspace       used 65515K, committed 66048K, reserved 1114112K
  class space    used 8671K, committed 8960K, reserved 1048576K
}
Event: 7.900 GC heap before
{Heap before GC invocations=22 (full 0):
 garbage-first heap   total 102400K, used 80317K [0x0000000741800000, 0x0000000800000000)
  region size 2048K, 28 young (57344K), 3 survivors (6144K)
 Metaspace       used 67840K, committed 68352K, reserved 1114112K
  class space    used 9015K, committed 9280K, reserved 1048576K
}
Event: 7.909 GC heap after
{Heap after GC invocations=23 (full 0):
 garbage-first heap   total 102400K, used 30776K [0x0000000741800000, 0x0000000800000000)
  region size 2048K, 2 young (4096K), 2 survivors (4096K)
 Metaspace       used 67840K, committed 68352K, reserved 1114112K
  class space    used 9015K, committed 9280K, reserved 1048576K
}
Event: 10.318 GC heap before
{Heap before GC invocations=23 (full 0):
 garbage-first heap   total 102400K, used 79928K [0x0000000741800000, 0x0000000800000000)
  region size 2048K, 27 young (55296K), 2 survivors (4096K)
 Metaspace       used 71176K, committed 71808K, reserved 1114112K
  class space    used 9508K, committed 9856K, reserved 1048576K
}
Event: 10.326 GC heap after
{Heap after GC invocations=24 (full 0):
 garbage-first heap   total 102400K, used 33614K [0x0000000741800000, 0x0000000800000000)
  region size 2048K, 4 young (8192K), 4 survivors (8192K)
 Metaspace       used 71176K, committed 71808K, reserved 1114112K
  class space    used 9508K, committed 9856K, reserved 1048576K
}
Event: 13.607 GC heap before
{Heap before GC invocations=24 (full 0):
 garbage-first heap   total 102400K, used 78670K [0x0000000741800000, 0x0000000800000000)
  region size 2048K, 27 young (55296K), 4 survivors (8192K)
 Metaspace       used 75531K, committed 76096K, reserved 1179648K
  class space    used 10069K, committed 10368K, reserved 1048576K
}
Event: 13.621 GC heap after
{Heap after GC invocations=25 (full 0):
 garbage-first heap   total 102400K, used 36367K [0x0000000741800000, 0x0000000800000000)
  region size 2048K, 3 young (6144K), 3 survivors (6144K)
 Metaspace       used 75531K, committed 76096K, reserved 1179648K
  class space    used 10069K, committed 10368K, reserved 1048576K
}
Event: 18.757 GC heap before
{Heap before GC invocations=25 (full 0):
 garbage-first heap   total 102400K, used 79375K [0x0000000741800000, 0x0000000800000000)
  region size 2048K, 25 young (51200K), 3 survivors (6144K)
 Metaspace       used 77220K, committed 77824K, reserved 1179648K
  class space    used 10271K, committed 10560K, reserved 1048576K
}
Event: 18.765 GC heap after
{Heap after GC invocations=26 (full 0):
 garbage-first heap   total 102400K, used 38147K [0x0000000741800000, 0x0000000800000000)
  region size 2048K, 3 young (6144K), 3 survivors (6144K)
 Metaspace       used 77220K, committed 77824K, reserved 1179648K
  class space    used 10271K, committed 10560K, reserved 1048576K
}
Event: 48.867 GC heap before
{Heap before GC invocations=26 (full 0):
 garbage-first heap   total 102400K, used 79107K [0x0000000741800000, 0x0000000800000000)
  region size 2048K, 23 young (47104K), 3 survivors (6144K)
 Metaspace       used 77387K, committed 78016K, reserved 1179648K
  class space    used 10296K, committed 10560K, reserved 1048576K
}
Event: 48.872 GC heap after
{Heap after GC invocations=27 (full 0):
 garbage-first heap   total 102400K, used 38373K [0x0000000741800000, 0x0000000800000000)
  region size 2048K, 2 young (4096K), 2 survivors (4096K)
 Metaspace       used 77387K, committed 78016K, reserved 1179648K
  class space    used 10296K, committed 10560K, reserved 1048576K
}
Event: 132.974 GC heap before
{Heap before GC invocations=27 (full 0):
 garbage-first heap   total 102400K, used 81381K [0x0000000741800000, 0x0000000800000000)
  region size 2048K, 23 young (47104K), 2 survivors (4096K)
 Metaspace       used 77395K, committed 78080K, reserved 1179648K
  class space    used 10298K, committed 10624K, reserved 1048576K
}
Event: 132.978 GC heap after
{Heap after GC invocations=28 (full 0):
 garbage-first heap   total 102400K, used 38042K [0x0000000741800000, 0x0000000800000000)
  region size 2048K, 2 young (4096K), 2 survivors (4096K)
 Metaspace       used 77395K, committed 78080K, reserved 1179648K
  class space    used 10298K, committed 10624K, reserved 1048576K
}
Event: 215.870 GC heap before
{Heap before GC invocations=28 (full 0):
 garbage-first heap   total 102400K, used 74906K [0x0000000741800000, 0x0000000800000000)
  region size 2048K, 21 young (43008K), 2 survivors (4096K)
 Metaspace       used 77511K, committed 78144K, reserved 1179648K
  class space    used 10323K, committed 10624K, reserved 1048576K
}
Event: 215.956 GC heap after
{Heap after GC invocations=29 (full 1):
 garbage-first heap   total 96256K, used 27131K [0x0000000741800000, 0x0000000800000000)
  region size 2048K, 0 young (0K), 0 survivors (0K)
 Metaspace       used 77327K, committed 78144K, reserved 1179648K
  class space    used 10285K, committed 10624K, reserved 1048576K
}

Dll operation events (11 events):
Event: 0.014 Loaded shared library C:\Users\Admin\Desktop\Java5\sts-4.18.1.RELEASE\plugins\org.eclipse.justj.openjdk.hotspot.jre.full.win32.x86_64_17.0.7.v20230425-1502\jre\bin\java.dll
Event: 0.311 Loaded shared library C:\Users\Admin\Desktop\Java5\sts-4.18.1.RELEASE\plugins\org.eclipse.justj.openjdk.hotspot.jre.full.win32.x86_64_17.0.7.v20230425-1502\jre\bin\zip.dll
Event: 0.314 Loaded shared library C:\Users\Admin\Desktop\Java5\sts-4.18.1.RELEASE\plugins\org.eclipse.justj.openjdk.hotspot.jre.full.win32.x86_64_17.0.7.v20230425-1502\jre\bin\instrument.dll
Event: 0.328 Loaded shared library C:\Users\Admin\Desktop\Java5\sts-4.18.1.RELEASE\plugins\org.eclipse.justj.openjdk.hotspot.jre.full.win32.x86_64_17.0.7.v20230425-1502\jre\bin\net.dll
Event: 0.329 Loaded shared library C:\Users\Admin\Desktop\Java5\sts-4.18.1.RELEASE\plugins\org.eclipse.justj.openjdk.hotspot.jre.full.win32.x86_64_17.0.7.v20230425-1502\jre\bin\nio.dll
Event: 0.337 Loaded shared library C:\Users\Admin\Desktop\Java5\sts-4.18.1.RELEASE\plugins\org.eclipse.justj.openjdk.hotspot.jre.full.win32.x86_64_17.0.7.v20230425-1502\jre\bin\zip.dll
Event: 0.479 Loaded shared library C:\Users\Admin\Desktop\Java5\sts-4.18.1.RELEASE\plugins\org.eclipse.justj.openjdk.hotspot.jre.full.win32.x86_64_17.0.7.v20230425-1502\jre\bin\jimage.dll
Event: 0.532 Loaded shared library C:\Users\Admin\Desktop\Java5\sts-4.18.1.RELEASE\plugins\org.eclipse.justj.openjdk.hotspot.jre.full.win32.x86_64_17.0.7.v20230425-1502\jre\bin\management.dll
Event: 0.544 Loaded shared library C:\Users\Admin\Desktop\Java5\sts-4.18.1.RELEASE\plugins\org.eclipse.justj.openjdk.hotspot.jre.full.win32.x86_64_17.0.7.v20230425-1502\jre\bin\management_ext.dll
Event: 0.801 Loaded shared library C:\Users\Admin\Desktop\Java5\sts-4.18.1.RELEASE\plugins\org.eclipse.justj.openjdk.hotspot.jre.full.win32.x86_64_17.0.7.v20230425-1502\jre\bin\verify.dll
Event: 4.999 Loaded shared library C:\Users\Admin\Desktop\Java5\sts-4.18.1.RELEASE\plugins\org.eclipse.justj.openjdk.hotspot.jre.full.win32.x86_64_17.0.7.v20230425-1502\jre\bin\sunmscapi.dll

Deoptimization events (20 events):
Event: 219.018 Thread 0x000002255266e480 DEOPT PACKING pc=0x0000022540f3a9dc sp=0x000000d33b5fdd50
Event: 219.018 Thread 0x000002255266e480 DEOPT UNPACKING pc=0x0000022540877143 sp=0x000000d33b5fd330 mode 1
Event: 219.018 Thread 0x000002255266e480 DEOPT PACKING pc=0x0000022540f375b4 sp=0x000000d33b5fdb10
Event: 219.018 Thread 0x000002255266e480 DEOPT UNPACKING pc=0x0000022540877143 sp=0x000000d33b5fd048 mode 1
Event: 219.018 Thread 0x000002255266e480 DEOPT PACKING pc=0x0000022540f38b9c sp=0x000000d33b5fdc00
Event: 219.018 Thread 0x000002255266e480 DEOPT UNPACKING pc=0x0000022540877143 sp=0x000000d33b5fd198 mode 1
Event: 219.018 Thread 0x000002255266e480 DEOPT PACKING pc=0x0000022540f3a9dc sp=0x000000d33b5fdd50
Event: 219.018 Thread 0x000002255266e480 DEOPT UNPACKING pc=0x0000022540877143 sp=0x000000d33b5fd330 mode 1
Event: 219.018 Thread 0x000002255266e480 DEOPT PACKING pc=0x0000022540f375b4 sp=0x000000d33b5fdb10
Event: 219.018 Thread 0x000002255266e480 DEOPT UNPACKING pc=0x0000022540877143 sp=0x000000d33b5fd048 mode 1
Event: 219.018 Thread 0x000002255266e480 DEOPT PACKING pc=0x0000022540f38b9c sp=0x000000d33b5fdc00
Event: 219.018 Thread 0x000002255266e480 DEOPT UNPACKING pc=0x0000022540877143 sp=0x000000d33b5fd198 mode 1
Event: 219.018 Thread 0x000002255266e480 DEOPT PACKING pc=0x0000022540f3a9dc sp=0x000000d33b5fdd50
Event: 219.018 Thread 0x000002255266e480 DEOPT UNPACKING pc=0x0000022540877143 sp=0x000000d33b5fd330 mode 1
Event: 219.018 Thread 0x000002255266e480 DEOPT PACKING pc=0x0000022540f6feb4 sp=0x000000d33b5ff160
Event: 219.018 Thread 0x000002255266e480 DEOPT UNPACKING pc=0x0000022540877143 sp=0x000000d33b5fe688 mode 1
Event: 219.018 Thread 0x000002255266e480 DEOPT PACKING pc=0x0000022540f49c04 sp=0x000000d33b5ff240
Event: 219.018 Thread 0x000002255266e480 DEOPT UNPACKING pc=0x0000022540877143 sp=0x000000d33b5fe6e0 mode 1
Event: 219.018 Thread 0x000002255266e480 DEOPT PACKING pc=0x0000022540f4e68c sp=0x000000d33b5ff290
Event: 219.018 Thread 0x000002255266e480 DEOPT UNPACKING pc=0x0000022540877143 sp=0x000000d33b5fe780 mode 1

Classes unloaded (20 events):
Event: 215.894 Thread 0x000002254cd15cd0 Unloading class 0x000000080010a400 'java/lang/invoke/LambdaForm$MH+0x000000080010a400'
Event: 215.894 Thread 0x000002254cd15cd0 Unloading class 0x000000080010a000 'jdk/internal/reflect/GeneratedSerializationConstructorAccessor3'
Event: 215.894 Thread 0x000002254cd15cd0 Unloading class 0x0000000800109c00 'jdk/internal/reflect/GeneratedSerializationConstructorAccessor2'
Event: 215.894 Thread 0x000002254cd15cd0 Unloading class 0x0000000800109800 'jdk/internal/reflect/GeneratedSerializationConstructorAccessor1'
Event: 215.894 Thread 0x000002254cd15cd0 Unloading class 0x0000000800109000 'java/lang/invoke/LambdaForm$DMH+0x0000000800109000'
Event: 215.894 Thread 0x000002254cd15cd0 Unloading class 0x0000000800108800 'java/lang/invoke/LambdaForm$DMH+0x0000000800108800'
Event: 215.894 Thread 0x000002254cd15cd0 Unloading class 0x0000000800107c00 'jdk/internal/reflect/GeneratedConstructorAccessor1'
Event: 215.894 Thread 0x000002254cd15cd0 Unloading class 0x0000000800107000 'java/lang/invoke/LambdaForm$MH+0x0000000800107000'
Event: 215.894 Thread 0x000002254cd15cd0 Unloading class 0x0000000800106c00 'java/lang/invoke/LambdaForm$MH+0x0000000800106c00'
Event: 215.894 Thread 0x000002254cd15cd0 Unloading class 0x0000000800106800 'java/lang/invoke/LambdaForm$MH+0x0000000800106800'
Event: 215.894 Thread 0x000002254cd15cd0 Unloading class 0x0000000800106400 'java/lang/invoke/LambdaForm$MH+0x0000000800106400'
Event: 215.894 Thread 0x000002254cd15cd0 Unloading class 0x0000000800106000 'java/lang/invoke/LambdaForm$MH+0x0000000800106000'
Event: 215.894 Thread 0x000002254cd15cd0 Unloading class 0x0000000800105c00 'java/lang/invoke/LambdaForm$MH+0x0000000800105c00'
Event: 215.894 Thread 0x000002254cd15cd0 Unloading class 0x0000000800104c00 'java/lang/invoke/LambdaForm$MH+0x0000000800104c00'
Event: 215.894 Thread 0x000002254cd15cd0 Unloading class 0x0000000800104800 'java/lang/invoke/LambdaForm$MH+0x0000000800104800'
Event: 215.894 Thread 0x000002254cd15cd0 Unloading class 0x0000000800104000 'java/lang/invoke/LambdaForm$MH+0x0000000800104000'
Event: 215.894 Thread 0x000002254cd15cd0 Unloading class 0x0000000800103400 'java/lang/invoke/LambdaForm$MH+0x0000000800103400'
Event: 215.894 Thread 0x000002254cd15cd0 Unloading class 0x0000000800102c00 'java/lang/invoke/LambdaForm$MH+0x0000000800102c00'
Event: 215.894 Thread 0x000002254cd15cd0 Unloading class 0x0000000800102400 'java/lang/invoke/LambdaForm$MH+0x0000000800102400'
Event: 215.894 Thread 0x000002254cd15cd0 Unloading class 0x0000000800101c00 'java/lang/invoke/LambdaForm$MH+0x0000000800101c00'

Classes redefined (2 events):
Event: 208.316 Thread 0x000002254cd15cd0 redefined class name=com.poly.controller.AuthController, count=1
Event: 217.162 Thread 0x000002254cd15cd0 redefined class name=com.poly.controller.AuthController, count=2

Internal exceptions (20 events):
Event: 8.329 Thread 0x0000022552263610 Exception <a 'java/lang/reflect/InvocationTargetException'{0x0000000745bfa4e0}> (0x0000000745bfa4e0) 
thrown [s\src\hotspot\share\runtime\reflection.cpp, line 1121]
Event: 8.553 Thread 0x000002255224e490 Exception <a 'java/lang/NoSuchMethodError'{0x00000007451a1a90}: 'java.lang.Object java.lang.invoke.DirectMethodHandle$Holder.invokeSpecial(java.lang.Object, java.lang.Object, int, java.lang.Object, int, java.lang.Object)'> (0x00000007451a1a90) 
thrown [s\src\hotspot\share\interpreter\linkResolver.cpp, line 759]
Event: 8.553 Thread 0x000002255224e490 Exception <a 'java/lang/NoSuchMethodError'{0x00000007451a9b38}: 'java.lang.Object java.lang.invoke.DirectMethodHandle$Holder.newInvokeSpecial(java.lang.Object, java.lang.Object, int, java.lang.Object, int)'> (0x00000007451a9b38) 
thrown [s\src\hotspot\share\interpreter\linkResolver.cpp, line 759]
Event: 8.554 Thread 0x000002255224e490 Exception <a 'java/lang/NoSuchMethodError'{0x00000007451adc38}: 'java.lang.Object java.lang.invoke.DirectMethodHandle$Holder.invokeSpecial(java.lang.Object, java.lang.Object, java.lang.Object, int, java.lang.Object, int)'> (0x00000007451adc38) 
thrown [s\src\hotspot\share\interpreter\linkResolver.cpp, line 759]
Event: 8.555 Thread 0x000002255224e490 Exception <a 'java/lang/NoSuchMethodError'{0x00000007451bd2d0}: 'void java.lang.invoke.DirectMethodHandle$Holder.invokeVirtual(java.lang.Object, java.lang.Object)'> (0x00000007451bd2d0) 
thrown [s\src\hotspot\share\interpreter\linkResolver.cpp, line 759]
Event: 13.354 Thread 0x0000022552667f70 Exception <a 'java/lang/NoSuchMethodError'{0x00000007462904e8}: 'java.lang.Object java.lang.invoke.DirectMethodHandle$Holder.invokeStaticInit(java.lang.Object, java.lang.Object, java.lang.Object, java.lang.Object, java.lang.Object, java.lang.Object)'> (0x00000007462904e8) 
thrown [s\src\hotspot\share\interpreter\linkResolver.cpp, line 759]
Event: 14.037 Thread 0x0000022552667f70 Exception <a 'java/lang/ClassNotFoundException'{0x0000000746ee6d80}: java/lang/ObjectCustomizer> (0x0000000746ee6d80) 
thrown [s\src\hotspot\share\classfile\systemDictionary.cpp, line 256]
Event: 14.043 Thread 0x0000022552667f70 Exception <a 'java/lang/ClassNotFoundException'{0x0000000746ef4d58}: com/poly/entity/UsersCustomizer> (0x0000000746ef4d58) 
thrown [s\src\hotspot\share\classfile\systemDictionary.cpp, line 256]
Event: 19.050 Thread 0x00000225526675d0 Exception <a 'java/lang/reflect/InvocationTargetException'{0x0000000747728588}> (0x0000000747728588) 
thrown [s\src\hotspot\share\runtime\reflection.cpp, line 1121]
Event: 19.054 Thread 0x00000225526675d0 Exception <a 'java/lang/reflect/InvocationTargetException'{0x000000074775d1b8}> (0x000000074775d1b8) 
thrown [s\src\hotspot\share\runtime\reflection.cpp, line 1121]
Event: 19.060 Thread 0x00000225526675d0 Exception <a 'java/lang/NoClassDefFoundError'{0x00000007477e7608}: sun/reflect/Reflection> (0x00000007477e7608) 
thrown [s\src\hotspot\share\classfile\systemDictionary.cpp, line 245]
Event: 31.510 Thread 0x0000022552667aa0 Exception <a 'java/io/IOException'{0x0000000745a5d400}> (0x0000000745a5d400) 
thrown [s\src\hotspot\share\prims\jni.cpp, line 516]
Event: 31.510 Thread 0x000002255266d140 Exception <a 'java/io/IOException'{0x0000000745a6d3e0}> (0x0000000745a6d3e0) 
thrown [s\src\hotspot\share\prims\jni.cpp, line 516]
Event: 215.804 Thread 0x000002255224c2e0 Exception <a 'java/lang/InterruptedException'{0x00000007459c2498}: sleep interrupted> (0x00000007459c2498) 
thrown [s\src\hotspot\share\prims\jvm.cpp, line 3070]
Event: 216.184 Thread 0x000002255266cc70 Exception <a 'sun/nio/fs/WindowsException'{0x00000007474ee4e8}> (0x00000007474ee4e8) 
thrown [s\src\hotspot\share\prims\jni.cpp, line 516]
Event: 217.037 Thread 0x000002255266cc70 Exception <a 'java/lang/NoClassDefFoundError'{0x0000000746e9fd20}: liquibase/exception/ChangeLogParseException> (0x0000000746e9fd20) 
thrown [s\src\hotspot\share\classfile\systemDictionary.cpp, line 245]
Event: 217.122 Thread 0x000002255266cc70 Exception <a 'java/lang/reflect/InvocationTargetException'{0x0000000746faca58}> (0x0000000746faca58) 
thrown [s\src\hotspot\share\runtime\reflection.cpp, line 1121]
Event: 218.883 Thread 0x000002255266e480 Exception <a 'sun/nio/fs/WindowsException'{0x0000000746d96200}> (0x0000000746d96200) 
thrown [s\src\hotspot\share\prims\jni.cpp, line 516]
Event: 219.013 Thread 0x000002255266e480 Exception <a 'java/lang/NoClassDefFoundError'{0x0000000746982b50}: liquibase/exception/ChangeLogParseException> (0x0000000746982b50) 
thrown [s\src\hotspot\share\classfile\systemDictionary.cpp, line 245]
Event: 219.018 Thread 0x000002255266e480 Exception <a 'java/lang/reflect/InvocationTargetException'{0x00000007469b5d20}> (0x00000007469b5d20) 
thrown [s\src\hotspot\share\runtime\reflection.cpp, line 1121]

VM Operations (20 events):
Event: 218.661 Executing VM operation: get/set locals done
Event: 218.661 Executing VM operation: get/set locals
Event: 218.661 Executing VM operation: get/set locals done
Event: 218.662 Executing VM operation: get/set locals
Event: 218.662 Executing VM operation: get/set locals done
Event: 218.663 Executing VM operation: get/set locals
Event: 218.663 Executing VM operation: get/set locals done
Event: 218.664 Executing VM operation: get/set locals
Event: 218.664 Executing VM operation: get/set locals done
Event: 218.664 Executing VM operation: get/set locals
Event: 218.665 Executing VM operation: get/set locals done
Event: 218.665 Executing VM operation: get/set locals
Event: 218.665 Executing VM operation: get/set locals done
Event: 218.666 Executing VM operation: get/set locals
Event: 218.666 Executing VM operation: get/set locals done
Event: 218.667 Executing VM operation: get/set locals
Event: 218.667 Executing VM operation: get/set locals done
Event: 219.672 Executing VM operation: Cleanup
Event: 219.672 Executing VM operation: Cleanup done
Event: 221.735 Executing VM operation: RedefineClasses

Events (20 events):
Event: 215.862 Thread 0x000002255266a120 Thread added: 0x000002255266a120
Event: 215.863 Thread 0x000002255224daf0 Thread exited: 0x000002255224daf0
Event: 215.868 Thread 0x000002255224cc80 Thread exited: 0x000002255224cc80
Event: 215.958 Thread 0x000002255266a120 Thread exited: 0x000002255266a120
Event: 215.985 loading class java/lang/ref/Finalizer$2
Event: 215.985 loading class java/lang/ref/Finalizer$2 done
Event: 215.987 loading class java/lang/ref/Finalizer$1
Event: 215.987 loading class java/lang/ref/Finalizer$1 done
Event: 215.987 Thread 0x0000022552667aa0 Thread added: 0x0000022552667aa0
Event: 216.114 Thread 0x0000022552667aa0 Thread exited: 0x0000022552667aa0
Event: 216.114 Thread 0x000002255266cc70 Thread added: 0x000002255266cc70
Event: 216.233 Thread 0x000002255281a4a0 Thread added: 0x000002255281a4a0
Event: 216.233 Thread 0x0000022552819060 Thread added: 0x0000022552819060
Event: 216.997 Thread 0x0000022552819060 Thread exited: 0x0000022552819060
Event: 216.997 Thread 0x000002255281a4a0 Thread exited: 0x000002255281a4a0
Event: 217.123 Thread 0x000002255266cc70 Thread exited: 0x000002255266cc70
Event: 217.125 Thread 0x0000022552667aa0 Thread added: 0x0000022552667aa0
Event: 218.858 Thread 0x000002255266e480 Thread added: 0x000002255266e480
Event: 219.018 Thread 0x000002255266e480 Thread exited: 0x000002255266e480
Event: 219.019 Thread 0x000002255266a120 Thread added: 0x000002255266a120


Dynamic libraries:
0x00007ff624860000 - 0x00007ff62486e000 	C:\Users\Admin\Desktop\Java5\sts-4.18.1.RELEASE\plugins\org.eclipse.justj.openjdk.hotspot.jre.full.win32.x86_64_17.0.7.v20230425-1502\jre\bin\javaw.exe
0x00007ffb72470000 - 0x00007ffb72667000 	C:\WINDOWS\SYSTEM32\ntdll.dll
0x00007ffb71b80000 - 0x00007ffb71c3d000 	C:\WINDOWS\System32\KERNEL32.DLL
0x00007ffb6fff0000 - 0x00007ffb702e6000 	C:\WINDOWS\System32\KERNELBASE.dll
0x00007ffb6fe30000 - 0x00007ffb6ff30000 	C:\WINDOWS\System32\ucrtbase.dll
0x00007ffb65ea0000 - 0x00007ffb65eb7000 	C:\Users\Admin\Desktop\Java5\sts-4.18.1.RELEASE\plugins\org.eclipse.justj.openjdk.hotspot.jre.full.win32.x86_64_17.0.7.v20230425-1502\jre\bin\jli.dll
0x00007ffb717e0000 - 0x00007ffb7197e000 	C:\WINDOWS\System32\USER32.dll
0x00007ffb704a0000 - 0x00007ffb704c2000 	C:\WINDOWS\System32\win32u.dll
0x00007ffb71c40000 - 0x00007ffb71c6c000 	C:\WINDOWS\System32\GDI32.dll
0x00007ffb702f0000 - 0x00007ffb7040a000 	C:\WINDOWS\System32\gdi32full.dll
0x00007ffb6fd90000 - 0x00007ffb6fe2d000 	C:\WINDOWS\System32\msvcp_win.dll
0x00007ffb68690000 - 0x00007ffb686a9000 	C:\Users\Admin\Desktop\Java5\sts-4.18.1.RELEASE\plugins\org.eclipse.justj.openjdk.hotspot.jre.full.win32.x86_64_17.0.7.v20230425-1502\jre\bin\VCRUNTIME140.dll
0x00007ffb5da60000 - 0x00007ffb5dcfa000 	C:\WINDOWS\WinSxS\amd64_microsoft.windows.common-controls_6595b64144ccf1df_6.0.19041.3570_none_60bb2a3971f3e41a\COMCTL32.dll
0x00007ffb705a0000 - 0x00007ffb7063e000 	C:\WINDOWS\System32\msvcrt.dll
0x00007ffb706e0000 - 0x00007ffb70710000 	C:\WINDOWS\System32\IMM32.DLL
0x00007ffb68f10000 - 0x00007ffb68f1c000 	C:\Users\Admin\Desktop\Java5\sts-4.18.1.RELEASE\plugins\org.eclipse.justj.openjdk.hotspot.jre.full.win32.x86_64_17.0.7.v20230425-1502\jre\bin\vcruntime140_1.dll
0x00007ffb42ab0000 - 0x00007ffb42b41000 	C:\Users\Admin\Desktop\Java5\sts-4.18.1.RELEASE\plugins\org.eclipse.justj.openjdk.hotspot.jre.full.win32.x86_64_17.0.7.v20230425-1502\jre\bin\msvcp140.dll
0x00007ffae0bf0000 - 0x00007ffae1838000 	C:\Users\Admin\Desktop\Java5\sts-4.18.1.RELEASE\plugins\org.eclipse.justj.openjdk.hotspot.jre.full.win32.x86_64_17.0.7.v20230425-1502\jre\bin\server\jvm.dll
0x00007ffb708c0000 - 0x00007ffb7096e000 	C:\WINDOWS\System32\ADVAPI32.dll
0x00007ffb71a70000 - 0x00007ffb71b0c000 	C:\WINDOWS\System32\sechost.dll
0x00007ffb71d40000 - 0x00007ffb71e66000 	C:\WINDOWS\System32\RPCRT4.dll
0x00007ffb5ac60000 - 0x00007ffb5ac69000 	C:\WINDOWS\SYSTEM32\WSOCK32.dll
0x00007ffb71cd0000 - 0x00007ffb71d3b000 	C:\WINDOWS\System32\WS2_32.dll
0x00007ffb5b370000 - 0x00007ffb5b397000 	C:\WINDOWS\SYSTEM32\WINMM.dll
0x00007ffb67ff0000 - 0x00007ffb67ffa000 	C:\WINDOWS\SYSTEM32\VERSION.dll
0x00007ffb6e380000 - 0x00007ffb6e392000 	C:\WINDOWS\SYSTEM32\kernel.appcore.dll
0x00007ffb686b0000 - 0x00007ffb686ba000 	C:\Users\Admin\Desktop\Java5\sts-4.18.1.RELEASE\plugins\org.eclipse.justj.openjdk.hotspot.jre.full.win32.x86_64_17.0.7.v20230425-1502\jre\bin\jimage.dll
0x00007ffb6e050000 - 0x00007ffb6e234000 	C:\WINDOWS\SYSTEM32\DBGHELP.DLL
0x00007ffb65da0000 - 0x00007ffb65dd4000 	C:\WINDOWS\SYSTEM32\dbgcore.DLL
0x00007ffb70410000 - 0x00007ffb70492000 	C:\WINDOWS\System32\bcryptPrimitives.dll
0x00007ffb615d0000 - 0x00007ffb6160b000 	C:\Users\Admin\Desktop\Java5\sts-4.18.1.RELEASE\plugins\org.eclipse.justj.openjdk.hotspot.jre.full.win32.x86_64_17.0.7.v20230425-1502\jre\bin\jdwp.dll
0x00007ffb68670000 - 0x00007ffb6867e000 	C:\Users\Admin\Desktop\Java5\sts-4.18.1.RELEASE\plugins\org.eclipse.justj.openjdk.hotspot.jre.full.win32.x86_64_17.0.7.v20230425-1502\jre\bin\instrument.dll
0x00007ffb61560000 - 0x00007ffb61585000 	C:\Users\Admin\Desktop\Java5\sts-4.18.1.RELEASE\plugins\org.eclipse.justj.openjdk.hotspot.jre.full.win32.x86_64_17.0.7.v20230425-1502\jre\bin\java.dll
0x00007ffb614a0000 - 0x00007ffb614b8000 	C:\Users\Admin\Desktop\Java5\sts-4.18.1.RELEASE\plugins\org.eclipse.justj.openjdk.hotspot.jre.full.win32.x86_64_17.0.7.v20230425-1502\jre\bin\zip.dll
0x00007ffb70cd0000 - 0x00007ffb71414000 	C:\WINDOWS\System32\SHELL32.dll
0x00007ffb6d7e0000 - 0x00007ffb6df7b000 	C:\WINDOWS\SYSTEM32\windows.storage.dll
0x00007ffb70970000 - 0x00007ffb70cc4000 	C:\WINDOWS\System32\combase.dll
0x00007ffb6f590000 - 0x00007ffb6f5bd000 	C:\WINDOWS\SYSTEM32\Wldp.dll
0x00007ffb71730000 - 0x00007ffb717dd000 	C:\WINDOWS\System32\SHCORE.dll
0x00007ffb71c70000 - 0x00007ffb71cc5000 	C:\WINDOWS\System32\shlwapi.dll
0x00007ffb6fa80000 - 0x00007ffb6faa5000 	C:\WINDOWS\SYSTEM32\profapi.dll
0x00007ffb6aad0000 - 0x00007ffb6aadc000 	C:\Users\Admin\Desktop\Java5\sts-4.18.1.RELEASE\plugins\org.eclipse.justj.openjdk.hotspot.jre.full.win32.x86_64_17.0.7.v20230425-1502\jre\bin\dt_socket.dll
0x00007ffb6ef90000 - 0x00007ffb6efcb000 	C:\WINDOWS\SYSTEM32\IPHLPAPI.DLL
0x00007ffb6f2f0000 - 0x00007ffb6f35a000 	C:\WINDOWS\system32\mswsock.dll
0x00007ffb6efe0000 - 0x00007ffb6f0aa000 	C:\WINDOWS\SYSTEM32\DNSAPI.dll
0x00007ffb71b70000 - 0x00007ffb71b78000 	C:\WINDOWS\System32\NSI.dll
0x00007ffb5eeb0000 - 0x00007ffb5eeba000 	C:\Windows\System32\rasadhlp.dll
0x00007ffb5eff0000 - 0x00007ffb5f072000 	C:\WINDOWS\System32\fwpuclnt.dll
0x00007ffb6fb50000 - 0x00007ffb6fb77000 	C:\WINDOWS\System32\bcrypt.dll
0x00007ffb59a30000 - 0x00007ffb59a49000 	C:\Users\Admin\Desktop\Java5\sts-4.18.1.RELEASE\plugins\org.eclipse.justj.openjdk.hotspot.jre.full.win32.x86_64_17.0.7.v20230425-1502\jre\bin\net.dll
0x00007ffb61870000 - 0x00007ffb6197a000 	C:\WINDOWS\SYSTEM32\WINHTTP.dll
0x00007ffb59a10000 - 0x00007ffb59a25000 	C:\Users\Admin\Desktop\Java5\sts-4.18.1.RELEASE\plugins\org.eclipse.justj.openjdk.hotspot.jre.full.win32.x86_64_17.0.7.v20230425-1502\jre\bin\nio.dll
0x00007ffb686c0000 - 0x00007ffb686c9000 	C:\Users\Admin\Desktop\Java5\sts-4.18.1.RELEASE\plugins\org.eclipse.justj.openjdk.hotspot.jre.full.win32.x86_64_17.0.7.v20230425-1502\jre\bin\management.dll
0x00007ffb68680000 - 0x00007ffb6868b000 	C:\Users\Admin\Desktop\Java5\sts-4.18.1.RELEASE\plugins\org.eclipse.justj.openjdk.hotspot.jre.full.win32.x86_64_17.0.7.v20230425-1502\jre\bin\management_ext.dll
0x00007ffb71f00000 - 0x00007ffb71f08000 	C:\WINDOWS\System32\PSAPI.DLL
0x00007ffb34a40000 - 0x00007ffb34a57000 	C:\WINDOWS\system32\napinsp.dll
0x00007ffb34a20000 - 0x00007ffb34a3b000 	C:\WINDOWS\system32\pnrpnsp.dll
0x00007ffb399b0000 - 0x00007ffb399c5000 	C:\WINDOWS\system32\wshbth.dll
0x00007ffb68560000 - 0x00007ffb6857d000 	C:\WINDOWS\system32\NLAapi.dll
0x00007ffb1f840000 - 0x00007ffb1f852000 	C:\WINDOWS\System32\winrnr.dll
0x00007ffb6f4f0000 - 0x00007ffb6f508000 	C:\WINDOWS\SYSTEM32\CRYPTSP.dll
0x00007ffb6eb90000 - 0x00007ffb6ebc4000 	C:\WINDOWS\system32\rsaenh.dll
0x00007ffb6fa00000 - 0x00007ffb6fa2e000 	C:\WINDOWS\SYSTEM32\USERENV.dll
0x00007ffb6f4e0000 - 0x00007ffb6f4ec000 	C:\WINDOWS\SYSTEM32\CRYPTBASE.dll
0x00007ffb65cd0000 - 0x00007ffb65ce7000 	C:\WINDOWS\SYSTEM32\dhcpcsvc6.DLL
0x00007ffb66f80000 - 0x00007ffb66f9d000 	C:\WINDOWS\SYSTEM32\dhcpcsvc.DLL
0x00007ffb65e90000 - 0x00007ffb65ea0000 	C:\Users\Admin\Desktop\Java5\sts-4.18.1.RELEASE\plugins\org.eclipse.justj.openjdk.hotspot.jre.full.win32.x86_64_17.0.7.v20230425-1502\jre\bin\verify.dll
0x00007ffb6a4a0000 - 0x00007ffb6a4ae000 	C:\Users\Admin\Desktop\Java5\sts-4.18.1.RELEASE\plugins\org.eclipse.justj.openjdk.hotspot.jre.full.win32.x86_64_17.0.7.v20230425-1502\jre\bin\sunmscapi.dll
0x00007ffb6fb80000 - 0x00007ffb6fcdd000 	C:\WINDOWS\System32\CRYPT32.dll
0x00007ffb6f600000 - 0x00007ffb6f627000 	C:\WINDOWS\SYSTEM32\ncrypt.dll
0x00007ffb6f5c0000 - 0x00007ffb6f5fb000 	C:\WINDOWS\SYSTEM32\NTASN1.dll
0x00007ffb68980000 - 0x00007ffb68987000 	C:\WINDOWS\system32\wshunix.dll

dbghelp: loaded successfully - version: 4.0.5 - missing functions: none
symbol engine: initialized successfully - sym options: 0x614 - pdb path: .;C:\Users\Admin\Desktop\Java5\sts-4.18.1.RELEASE\plugins\org.eclipse.justj.openjdk.hotspot.jre.full.win32.x86_64_17.0.7.v20230425-1502\jre\bin;C:\WINDOWS\SYSTEM32;C:\WINDOWS\WinSxS\amd64_microsoft.windows.common-controls_6595b64144ccf1df_6.0.19041.3570_none_60bb2a3971f3e41a;C:\Users\Admin\Desktop\Java5\sts-4.18.1.RELEASE\plugins\org.eclipse.justj.openjdk.hotspot.jre.full.win32.x86_64_17.0.7.v20230425-1502\jre\bin\server

VM Arguments:
jvm_args: -XX:+ShowCodeDetailsInExceptionMessages -agentlib:jdwp=transport=dt_socket,suspend=y,address=localhost:63779 -Dcom.sun.management.jmxremote -Dcom.sun.management.jmxremote.port=63778 -Dcom.sun.management.jmxremote.authenticate=false -Dcom.sun.management.jmxremote.ssl=false -Djava.rmi.server.hostname=localhost -Dspring.jmx.enabled=true -Dmanagement.endpoints.jmx.exposure.include=* -Dspring.application.admin.enabled=true -XX:TieredStopAtLevel=1 -Dspring.boot.project.name=DuAnHotel -javaagent:C:\Users\Admin\Desktop\Java5\sts-4.18.1.RELEASE\configuration\org.eclipse.osgi\268\0\.cp\lib\javaagent-shaded.jar -Dfile.encoding=UTF-8 
java_command: com.poly.DuAnHotelApplication --spring.output.ansi.enabled=always
java_class_path (initial): C:\Users\Admin\Desktop\DuAnTotNghiep\DuAnHotel\DuAnHotel\target\classes;C:\Users\Admin\.m2\repository\io\jsonwebtoken\jjwt\0.9.1\jjwt-0.9.1.jar;C:\Users\Admin\.m2\repository\com\fasterxml\jackson\core\jackson-databind\2.11.4\jackson-databind-2.11.4.jar;C:\Users\Admin\.m2\repository\com\fasterxml\jackson\core\jackson-annotations\2.11.4\jackson-annotations-2.11.4.jar;C:\Users\Admin\.m2\repository\com\fasterxml\jackson\core\jackson-core\2.11.4\jackson-core-2.11.4.jar;C:\Users\Admin\.m2\repository\org\apache\commons\commons-text\1.9\commons-text-1.9.jar;C:\Users\Admin\.m2\repository\org\apache\commons\commons-lang3\3.11\commons-lang3-3.11.jar;C:\Users\Admin\.m2\repository\org\springframework\boot\spring-boot-starter-data-jpa\2.4.5\spring-boot-starter-data-jpa-2.4.5.jar;C:\Users\Admin\.m2\repository\org\springframework\boot\spring-boot-starter-aop\2.4.5\spring-boot-starter-aop-2.4.5.jar;C:\Users\Admin\.m2\repository\org\aspectj\aspectjweaver\1.9.6\aspectjweaver-1.9.6.jar;C:\Users\Admin\.m2\repository\org\springframework\boot\spring-boot-starter-jdbc\2.4.5\spring-boot-starter-jdbc-2.4.5.jar;C:\Users\Admin\.m2\repository\com\zaxxer\HikariCP\3.4.5\HikariCP-3.4.5.jar;C:\Users\Admin\.m2\repository\org\springframework\spring-jdbc\5.3.6\spring-jdbc-5.3.6.jar;C:\Users\Admin\.m2\repository\jakarta\transaction\jakarta.transaction-api\1.3.3\jakarta.transaction-api-1.3.3.jar;C:\Users\Admin\.m2\repository\jakarta\persistence\jakarta.persistence-api\2.2.3\jakarta.persistence-api-2.2.3.jar;C:\Users\Admin\.m2\repository\org\hibernate\hibernate-core\5.4.30.Final\hibernate-core-5.4.30.Final.jar;C:\Users\Admin\.m2\repository\org\jboss\logging\jboss-logging\3.4.1.Final\jboss-logging-3.4.1.Final.jar;C:\Users\Admin\.m2\repository\org\javassist\javassist\3.27.0-GA\javassist-3.27.0-GA.jar;C:\Users\Admin\.m2\repository\net\bytebuddy\byte-buddy\1.10.22\byte-buddy-1.10.22.jar;C:\Users\Admin\.m2\repository\antlr\antlr\2.7.7\antlr-2.7.7.jar;C:\Users\Admin\.m2\repository\
Launcher Type: SUN_STANDARD

[Global flags]
     intx CICompilerCount                          = 3                                         {product} {ergonomic}
     uint ConcGCThreads                            = 1                                         {product} {ergonomic}
     uint G1ConcRefinementThreads                  = 4                                         {product} {ergonomic}
   size_t G1HeapRegionSize                         = 2097152                                   {product} {ergonomic}
    uintx GCDrainStackTargetSize                   = 64                                        {product} {ergonomic}
   size_t InitialHeapSize                          = 201326592                                 {product} {ergonomic}
     bool ManagementServer                         = true                                      {product} {command line}
   size_t MarkStackSize                            = 4194304                                   {product} {ergonomic}
   size_t MaxHeapSize                              = 3196059648                                {product} {ergonomic}
   size_t MaxNewSize                               = 1916796928                                {product} {ergonomic}
   size_t MinHeapDeltaBytes                        = 2097152                                   {product} {ergonomic}
   size_t MinHeapSize                              = 8388608                                   {product} {ergonomic}
    uintx NonProfiledCodeHeapSize                  = 0                                      {pd product} {ergonomic}
     bool ProfileInterpreter                       = false                                  {pd product} {command line}
    uintx ProfiledCodeHeapSize                     = 0                                      {pd product} {ergonomic}
     bool ShowCodeDetailsInExceptionMessages       = true                                   {manageable} {command line}
   size_t SoftMaxHeapSize                          = 3196059648                             {manageable} {ergonomic}
     intx TieredStopAtLevel                        = 1                                         {product} {command line}
     bool UseCompressedClassPointers               = true                           {product lp64_product} {ergonomic}
     bool UseCompressedOops                        = true                           {product lp64_product} {ergonomic}
     bool UseG1GC                                  = true                                      {product} {ergonomic}
     bool UseLargePagesIndividualAllocation        = false                                  {pd product} {ergonomic}

Logging:
Log output configuration:
 #0: stdout all=warning uptime,level,tags
 #1: stderr all=off uptime,level,tags

Environment Variables:
JAVA_HOME=C:\Program Files\Java\jdk1.7.0_80
CLASSPATH=%CLASSPATH%;D:\Hoc_Ky_5\KiemThuNangCao\KiemThuTuDong-5730ba451e11ed63756d114b3dfc0ffb65ccc2a3\KiemThuTuDong-5730ba451e11ed63756d114b3dfc0ffb65ccc2a3\junit-4.12.jar\JUnit4.12.jar;.;
PATH=C:\Users\Admin\Desktop\Java5\sts-4.18.1.RELEASE\plugins\org.eclipse.justj.openjdk.hotspot.jre.full.win32.x86_64_17.0.7.v20230425-1502\jre\bin;C:/Users/Admin/Desktop/Java5/sts-4.18.1.RELEASE//plugins/org.eclipse.justj.openjdk.hotspot.jre.full.win32.x86_64_17.0.7.v20230425-1502/jre/bin/server;C:/Users/Admin/Desktop/Java5/sts-4.18.1.RELEASE//plugins/org.eclipse.justj.openjdk.hotspot.jre.full.win32.x86_64_17.0.7.v20230425-1502/jre/bin;C:\WINDOWS\system32;C:\WINDOWS;C:\WINDOWS\System32\Wbem;C:\WINDOWS\System32\WindowsPowerShell\v1.0\;C:\WINDOWS\System32\OpenSSH\;C:\Program Files\Microsoft SQL Server\Client SDK\ODBC\170\Tools\Binn\;C:\Program Files (x86)\Microsoft SQL Server\150\Tools\Binn\;C:\Program Files\Microsoft SQL Server\150\Tools\Binn\;C:\Program Files\Microsoft SQL Server\150\DTS\Binn\;C:\Program Files (x86)\Microsoft SQL Server\150\DTS\Binn\;C:\Program Files\Azure Data Studio\bin;C:\Program Files\Java\jdk1.7.0_80\bin;C:\Program Files\Git\cmd;C:\Users\Admin\AppData\Local\Microsoft\WindowsApps;C:\Program Files\Azure Data Studio\bin;C:\Users\Admin\AppData\Local\Programs\Microsoft VS Code\bin;C:\Program Files (x86)\Java\jre7;;C:\Users\Admin\Desktop\Java5\sts-4.18.1.RELEASE;
USERNAME=Admin
OS=Windows_NT
PROCESSOR_IDENTIFIER=Intel64 Family 6 Model 142 Stepping 9, GenuineIntel
TMP=C:\Users\Admin\AppData\Local\Temp
TEMP=C:\Users\Admin\AppData\Local\Temp



---------------  S Y S T E M  ---------------

OS:
 Windows 10 , 64 bit Build 19041 (10.0.19041.3570)
OS uptime: 0 days 11:52 hours

CPU: total 4 (initial active 4) (2 cores per cpu, 2 threads per core) family 6 model 142 stepping 9 microcode 0xb4, cx8, cmov, fxsr, ht, mmx, 3dnowpref, sse, sse2, sse3, ssse3, sse4.1, sse4.2, popcnt, lzcnt, tsc, tscinvbit, avx, avx2, aes, erms, clmul, bmi1, bmi2, adx, fma, vzeroupper, clflush, clflushopt

Memory: 4k page, system-wide physical 12186M (2895M free)
TotalPageFile size 22938M (AvailPageFile size 8862M)
current process WorkingSet (physical memory assigned to process): 268M, peak: 277M
current process commit charge ("private bytes"): 292M, peak: 308M

vm_info: OpenJDK 64-Bit Server VM (17.0.7+7) for windows-amd64 JRE (17.0.7+7), built on Apr 18 2023 22:10:42 by "temurin" with MS VC++ 16.7 (VS2019)

END.
